\BOOKMARK [0][-]{chapter.1}{\376\377\000\332\000v\000o\000d}{}% 1
\BOOKMARK [0][-]{chapter.2}{\376\377\000A\000n\000o\000n\000y\000m\000i\000z\000a\000c\000e\000\040\000o\000b\000r\000a\000z\000o\000v\000\375\000c\000h\000\040\000d\000a\000t}{}% 2
\BOOKMARK [1][-]{section.2.1}{\376\377\000O\000s\000o\000b\000n\000\355\000\040\000\372\000d\000a\000j\000e\000\040\000a\000\040\000j\000e\000j\000i\000c\000h\000\040\000o\000c\000h\000r\000a\000n\000a}{chapter.2}% 3
\BOOKMARK [1][-]{section.2.2}{\376\377\000A\000n\000o\000n\000y\000m\000i\000z\000a\000c\000e}{chapter.2}% 4
\BOOKMARK [1][-]{section.2.3}{\376\377\000M\000e\000t\000o\000d\000y\000\040\000v\000y\000u\001\176\000\355\000v\000a\000n\000\351\000\040\000v\000\040\000s\000o\000u\001\015\000a\000s\000n\000o\000s\000t\000i}{chapter.2}% 5
\BOOKMARK [2][-]{subsection.2.3.1}{\376\377\000M\000a\000n\000u\000\341\000l\000n\000\355\000\040\000a\000n\000o\000n\000y\000m\000i\000z\000a\000c\000e}{section.2.3}% 6
\BOOKMARK [2][-]{subsection.2.3.2}{\376\377\000A\000u\000t\000o\000m\000a\000t\000i\000z\000o\000v\000a\000n\000\341\000\040\000a\000n\000o\000n\000y\000m\000i\000z\000a\000c\000e}{section.2.3}% 7
\BOOKMARK [1][-]{section.2.4}{\376\377\000O\000b\000r\000a\000z\000o\000v\000\341\000\040\000d\000a\000t\000a}{chapter.2}% 8
\BOOKMARK [2][-]{subsection.2.4.1}{\376\377\000S\000n\000\355\000m\000\341\000n\000\355\000\040\000f\000o\000t\000o\000g\000r\000a\000f\000i\000\355}{section.2.4}% 9
\BOOKMARK [2][-]{subsection.2.4.2}{\376\377\000U\000k\000l\000\341\000d\000\341\000n\000\355\000\040\000f\000o\000t\000o\000g\000r\000a\000f\000i\000\355}{section.2.4}% 10
\BOOKMARK [2][-]{subsection.2.4.3}{\376\377\000S\000e\001\141\000\355\000v\000\341\000n\000\355\000\040\000f\000o\000t\000o\000g\000r\000a\000f\000i\000\355}{section.2.4}% 11
\BOOKMARK [2][-]{subsection.2.4.4}{\376\377\000V\000y\000r\000o\000v\000n\000\341\000v\000\341\000n\000\355\000\040\000f\000o\000t\000o\000g\000r\000a\000f\000i\000\355}{section.2.4}% 12
\BOOKMARK [2][-]{subsection.2.4.5}{\376\377\000N\000a\000m\000a\000p\000o\000v\000\341\000n\000\355\000\040\000n\000a\000\040\000k\000o\000u\000l\000i}{section.2.4}% 13
\BOOKMARK [0][-]{chapter.3}{\376\377\000N\000e\000u\000r\000o\000n\000o\000v\000\351\000\040\000s\000\355\000t\001\033}{}% 14
\BOOKMARK [1][-]{section.3.1}{\376\377\000B\000i\000o\000l\000o\000g\000i\000c\000k\000\375\000\040\000z\000\341\000k\000l\000a\000d\000\040\000n\000e\000u\000r\000o\000n\000o\000v\000\375\000c\000h\000\040\000s\000\355\000t\000\355}{chapter.3}% 15
\BOOKMARK [1][-]{section.3.2}{\376\377\000U\000m\001\033\000l\000\375\000\040\000n\000e\000u\000r\000o\000n}{chapter.3}% 16
\BOOKMARK [2][-]{subsection.3.2.1}{\376\377\000P\000e\000r\000c\000e\000p\000t\000r\000o\000n}{section.3.2}% 17
\BOOKMARK [2][-]{subsection.3.2.2}{\376\377\000A\000k\000t\000i\000v\000a\001\015\000n\000\355\000\040\000f\000u\000n\000k\000c\000e}{section.3.2}% 18
\BOOKMARK [1][-]{section.3.3}{\376\377\000T\000o\000p\000o\000l\000o\000g\000i\000e\000\040\000s\000\355\000t\000\355}{chapter.3}% 19
\BOOKMARK [1][-]{section.3.4}{\376\377\000U\001\015\000e\000n\000\355}{chapter.3}% 20
\BOOKMARK [1][-]{section.3.5}{\376\377\000H\000l\000u\000b\000o\000k\000\351\000\040\000n\000e\000u\000r\000o\000n\000o\000v\000\351\000\040\000s\000\355\000t\001\033}{chapter.3}% 21
\BOOKMARK [0][-]{chapter.4}{\376\377\000N\000\341\000v\000r\000h}{}% 22
\BOOKMARK [1][-]{section.4.1}{\376\377\000P\000o\000u\001\176\000i\000t\000\341\000\040\000n\000e\000u\000r\000o\000n\000o\000v\000\341\000\040\000s\000\355\001\145}{chapter.4}% 23
\BOOKMARK [2][-]{subsection.4.1.1}{\376\377\000N\000a\000\040\001\015\000e\000m\000\040\000j\000e\000\040\000n\000a\000t\000r\000\351\000n\000o\000v\000a\000n\000\341}{section.4.1}% 24
\BOOKMARK [1][-]{section.4.2}{\376\377\000F\000i\000n\000e\000t\000u\000n\000n\000i\000n\000g}{chapter.4}% 25
\BOOKMARK [2][-]{subsection.4.2.1}{\376\377\000Z\000v\000o\000l\000e\000n\000\341\000\040\000m\000e\000t\000o\000d\000a}{section.4.2}% 26
\BOOKMARK [1][-]{section.4.3}{\376\377\000D\000e\000t\000e\000k\000c\000e\000\040\000S\000P\000Z\000\040\000v\000\040\000o\000b\000r\000\341\000z\000k\000u\000\040\000s\000\040\000a\000u\000t\000e\000m}{chapter.4}% 27
